<?xml version="1.0" encoding="UTF-8"?>
<!-- Generated by org.testng.reporters.JUnitReportReporter -->
<testsuite skipped="0" hostname="Raghunaths-MacBook-Pro.local" name="robotClass.RightClick" tests="1" failures="0" timestamp="23 Mar 2020 01:40:28 GMT" time="26.386" errors="0">
  <testcase name="dclick" time="26.386" classname="robotClass.RightClick"/>
</testsuite> <!-- robotClass.RightClick -->
