<?xml version="1.0" encoding="UTF-8"?>
<!-- Generated by org.testng.reporters.JUnitReportReporter -->
<testsuite skipped="0" hostname="Raghunaths-MacBook-Pro.local" name="scrollDemo.ScrollView" tests="1" failures="0" timestamp="23 Mar 2020 01:15:06 GMT" time="23.435" errors="0">
  <testcase name="scrollDownView" time="23.435" classname="scrollDemo.ScrollView"/>
</testsuite> <!-- scrollDemo.ScrollView -->
