<?xml version="1.0" encoding="UTF-8"?>
<!-- Generated by org.testng.reporters.JUnitReportReporter -->
<testsuite skipped="0" hostname="Raghunaths-MacBook-Pro.local" name="actionClass.MouseHover" tests="1" failures="0" timestamp="23 Mar 2020 01:47:52 GMT" time="13.617" errors="0">
  <testcase name="hover" time="13.617" classname="actionClass.MouseHover"/>
</testsuite> <!-- actionClass.MouseHover -->
