<?xml version="1.0" encoding="UTF-8"?>
<!-- Generated by org.testng.reporters.JUnitReportReporter -->
<testsuite skipped="0" hostname="Raghunaths-MacBook-Pro.local" name="scrollDemo.Scroll" tests="1" failures="0" timestamp="23 Mar 2020 00:58:09 GMT" time="17.265" errors="0">
  <testcase name="scrollDown" time="17.265" classname="scrollDemo.Scroll"/>
</testsuite> <!-- scrollDemo.Scroll -->
